[INFO]2013-06-22 09:33:06:start watch process
[INFO]2013-06-22 09:33:24:[FindProcess]process:QQ.exe has been found
[INFO]2013-06-22 09:33:24:launch recorder to record
[INFO]2013-06-22 09:33:39:[StopAndSave]stop recording and saving...
[INFO]2013-06-22 09:33:48:[SaveFile]saving file...
[INFO]2013-06-22 09:33:49:[SaveFile]saving file done
[INFO]2013-06-22 09:33:49:[StopAndSave]stop recording and saving done
[INFO]2013-06-22 09:36:12:start watch process
[INFO]2013-06-22 09:36:18:[FindProcess]process:QQ.exe has been found
[INFO]2013-06-22 09:36:18:launch recorder to record
[INFO]2013-06-22 09:37:13:[StopAndSave]stop recording and saving...
[INFO]2013-06-22 09:37:13:[SaveFile]saving file...
[INFO]2013-06-22 09:37:13:[SaveFile]saving file done
[INFO]2013-06-22 09:37:13:[StopAndSave]stop recording and saving done
[INFO]2013-06-22 09:38:53:start watch process
[INFO]2013-06-22 09:38:59:[FindProcess]process:QQ.exe has been found
[INFO]2013-06-22 09:38:59:launch recorder to record
[INFO]2013-06-22 09:40:47:[StopAndSave]stop recording and saving...
[INFO]2013-06-22 09:40:47:[SaveFile]saving file...
[INFO]2013-06-22 09:40:47:[SaveFile]saving file done
[INFO]2013-06-22 09:40:47:[StopAndSave]stop recording and saving done
[INFO]2013-06-22 09:43:02:start watch process
[INFO]2013-06-22 09:43:11:[FindProcess]process:QQ.exe has been found
[INFO]2013-06-22 09:43:11:launch recorder to record
[INFO]2013-06-22 09:44:02:[StopAndSave]stop recording and saving...
[INFO]2013-06-22 09:44:03:[SaveFile]saving file...
[INFO]2013-06-22 09:44:03:[SaveFile]saving file done
[INFO]2013-06-22 09:44:03:[StopAndSave]stop recording and saving done
[INFO]2013-06-22 09:45:19:start watch process
[INFO]2013-06-22 09:45:25:[FindProcess]process:QQ.exe has been found
[INFO]2013-06-22 09:45:25:launch recorder to record
[INFO]2013-06-22 09:45:55:[StopAndSave]stop recording and saving...
[INFO]2013-06-22 09:45:55:[SaveFile]saving file...
[INFO]2013-06-22 09:45:55:[SaveFile]saving file done
[INFO]2013-06-22 09:45:55:[StopAndSave]stop recording and saving done
[INFO]2013-06-22 09:46:26:start watch process
[INFO]2013-06-22 09:46:32:[FindProcess]process:QQ.exe has been found
[INFO]2013-06-22 09:46:32:launch recorder to record
[INFO]2013-06-22 09:46:58:[StopAndSave]stop recording and saving...
[INFO]2013-06-22 09:46:58:[SaveFile]saving file...
[INFO]2013-06-22 09:46:59:[SaveFile]saving file done
[INFO]2013-06-22 09:46:59:[StopAndSave]stop recording and saving done
[INFO]2013-06-22 09:48:39:start watch process
[INFO]2013-06-22 09:48:42:[FindProcess]process:QQ.exe has been found
[INFO]2013-06-22 09:48:42:launch recorder to record
[INFO]2013-06-22 09:48:59:[StopAndSave]stop recording and saving...
[INFO]2013-06-22 09:48:59:[SaveFile]saving file...
[INFO]2013-06-22 09:49:00:[SaveFile]saving file done
[INFO]2013-06-22 09:49:00:[StopAndSave]stop recording and saving done
[INFO]2013-06-22 09:55:02:start watch process
[INFO]2013-06-22 09:55:05:[FindProcess]process:QQ.exe has been found
[INFO]2013-06-22 09:55:05:launch recorder to record
[INFO]2013-06-22 09:55:29:[StopAndSave]stop recording and saving...
[INFO]2013-06-22 09:55:29:[SaveFile]saving file...
[INFO]2013-06-22 09:55:29:[SaveFile]saving file done
[INFO]2013-06-22 09:55:29:[StopAndSave]stop recording and saving done
[INFO]2013-06-22 09:55:51:start watch process
[INFO]2013-06-22 09:55:57:[FindProcess]process:QQ.exe has been found
[INFO]2013-06-22 09:55:57:launch recorder to record
[INFO]2013-06-22 09:56:04:[StopAndSave]stop recording and saving...
[INFO]2013-06-22 09:56:04:[SaveFile]saving file...
[INFO]2013-06-22 09:56:04:[SaveFile]saving file done
[INFO]2013-06-22 09:56:04:[StopAndSave]stop recording and saving done
[INFO]2013-06-22 09:56:41:start watch process
[INFO]2013-06-22 09:56:44:[FindProcess]process:QQ.exe has been found
[INFO]2013-06-22 09:56:44:launch recorder to record
[INFO]2013-06-22 09:56:54:[StopAndSave]stop recording and saving...
[INFO]2013-06-22 09:56:54:[SaveFile]saving file...
[INFO]2013-06-22 09:56:54:[SaveFile]saving file done
[INFO]2013-06-22 09:56:54:[StopAndSave]stop recording and saving done
[INFO]2013-06-22 09:57:26:start watch process
[INFO]2013-06-22 09:57:29:[FindProcess]process:QQ.exe has been found
[INFO]2013-06-22 09:57:29:launch recorder to record
[INFO]2013-06-22 09:58:09:[StopAndSave]stop recording and saving...
[INFO]2013-06-22 09:58:09:[SaveFile]saving file...
[INFO]2013-06-22 09:58:09:[SaveFile]saving file done
[INFO]2013-06-22 09:58:09:[StopAndSave]stop recording and saving done
[INFO]2013-06-22 09:58:18:[FindProcess]process:QQ.exe has been found
[INFO]2013-06-22 09:58:18:launch recorder to record
[INFO]2013-06-22 09:58:39:[StopAndSave]stop recording and saving...
[INFO]2013-06-22 09:58:39:[SaveFile]saving file...
[INFO]2013-06-22 09:58:39:[SaveFile]saving file done
[INFO]2013-06-22 09:58:39:[StopAndSave]stop recording and saving done
