[INFO]2013-06-22 10:00:23:start watch process
[INFO]2013-06-22 10:00:26:[FindProcess]process:QQ.exe has been found
[INFO]2013-06-22 10:00:26:launch recorder to record
[INFO]2013-06-22 10:00:43:[StopAndSave]stop recording and saving...
[INFO]2013-06-22 10:00:43:[SaveFile]saving file...
[INFO]2013-06-22 10:00:43:[SaveFile]saving file done
[INFO]2013-06-22 10:00:43:[StopAndSave]stop recording and saving done
[INFO]2013-06-22 10:00:49:[FindProcess]process:QQ.exe has been found
[INFO]2013-06-22 10:00:49:launch recorder to record
[INFO]2013-06-22 10:01:00:[StopAndSave]stop recording and saving...
[INFO]2013-06-22 10:01:00:[SaveFile]saving file...
[INFO]2013-06-22 10:01:00:[SaveFile]saving file done
[INFO]2013-06-22 10:01:00:[StopAndSave]stop recording and saving done
[INFO]2013-06-22 10:01:26:start watch process
[INFO]2013-06-22 10:01:29:[FindProcess]process:QQ.exe has been found
[INFO]2013-06-22 10:01:29:launch recorder to record
[INFO]2013-06-22 10:01:39:[StopAndSave]stop recording and saving...
[INFO]2013-06-22 10:01:39:[SaveFile]saving file...
[INFO]2013-06-22 10:01:39:[SaveFile]saving file done
[INFO]2013-06-22 10:01:39:[StopAndSave]stop recording and saving done
[INFO]2013-06-22 10:01:45:[FindProcess]process:QQ.exe has been found
[INFO]2013-06-22 10:01:45:launch recorder to record
[INFO]2013-06-22 10:01:58:[StopAndSave]stop recording and saving...
[INFO]2013-06-22 10:01:58:[SaveFile]saving file...
[INFO]2013-06-22 10:01:58:[SaveFile]saving file done
[INFO]2013-06-22 10:01:58:[StopAndSave]stop recording and saving done
[INFO]2013-06-22 10:03:40:start watch process
[INFO]2013-06-22 10:03:43:[FindProcess]process:QQ.exe has been found
[INFO]2013-06-22 10:03:43:launch recorder to record
[INFO]2013-06-22 10:03:59:[StopAndSave]stop recording and saving...
[INFO]2013-06-22 10:03:59:[SaveFile]saving file...
[INFO]2013-06-22 10:03:59:[SaveFile]saving file done
[INFO]2013-06-22 10:03:59:[StopAndSave]stop recording and saving done
[INFO]2013-06-22 10:04:05:[FindProcess]process:QQ.exe has been found
[INFO]2013-06-22 10:04:05:launch recorder to record
[INFO]2013-06-22 10:05:29:[StopAndSave]stop recording and saving...
[INFO]2013-06-22 10:05:29:[SaveFile]saving file...
[INFO]2013-06-22 10:05:29:[SaveFile]saving file done
[INFO]2013-06-22 10:05:29:[StopAndSave]stop recording and saving done
[INFO]2013-06-22 10:06:28:start watch process
[INFO]2013-06-22 10:06:32:[FindProcess]process:QQ.exe has been found
[INFO]2013-06-22 10:06:32:launch recorder to record
[INFO]2013-06-22 10:06:57:[StopAndSave]stop recording and saving...
[INFO]2013-06-22 10:06:57:[SaveFile]saving file...
[INFO]2013-06-22 10:06:57:[SaveFile]saving file done
[INFO]2013-06-22 10:06:57:[StopAndSave]stop recording and saving done
[INFO]2013-06-22 10:07:01:[FindProcess]process:QQ.exe has been found
[INFO]2013-06-22 10:07:01:launch recorder to record
[INFO]2013-06-22 10:07:31:[StopAndSave]stop recording and saving...
[INFO]2013-06-22 10:07:31:[SaveFile]saving file...
[INFO]2013-06-22 10:07:31:[SaveFile]saving file done
[INFO]2013-06-22 10:07:31:[StopAndSave]stop recording and saving done
[INFO]2013-06-22 10:09:23:start watch process
[INFO]2013-06-22 10:09:31:[FindProcess]process:QQ.exe has been found
[INFO]2013-06-22 10:09:31:launch recorder to record
[INFO]2013-06-22 10:16:44:[StopAndSave]stop recording and saving...
[INFO]2013-06-22 10:16:44:[SaveFile]saving file...
[INFO]2013-06-22 10:16:44:[SaveFile]saving file done
[INFO]2013-06-22 10:16:44:[StopAndSave]stop recording and saving done
[INFO]2013-06-22 10:31:28:start watch process
[INFO]2013-06-22 10:31:32:[FindProcess]process:QQ.exe has been found
[INFO]2013-06-22 10:31:32:launch recorder to record
[INFO]2013-06-22 10:32:05:[StopAndSave]stop recording and saving...
[INFO]2013-06-22 10:32:05:[SaveFile]saving file...
[INFO]2013-06-22 10:32:05:[SaveFile]saving file done
[INFO]2013-06-22 10:32:05:[StopAndSave]stop recording and saving done
[INFO]2013-06-22 10:32:27:[FindProcess]process:QQ.exe has been found
[INFO]2013-06-22 10:32:27:launch recorder to record
[INFO]2013-06-22 10:33:34:[StopAndSave]stop recording and saving...
[ERROR]2013-06-22 10:33:45:Find Window Failed
[INFO]2013-06-22 10:35:48:start watch process
[INFO]2013-06-22 10:35:52:[FindProcess]process:QQ.exe has been found
[INFO]2013-06-22 10:35:52:launch recorder to record
[INFO]2013-06-22 10:36:12:[StopAndSave]stop recording and saving...
[ERROR]2013-06-22 10:36:23:Find Window Failed
[INFO]2013-06-22 10:42:08:start watch process
[INFO]2013-06-22 10:42:14:[FindProcess]process:QQ.exe has been found
[INFO]2013-06-22 10:42:14:launch recorder to record
[INFO]2013-06-22 10:42:45:[StopAndSave]stop recording and saving...
[INFO]2013-06-22 10:42:45:[SaveFile]saving file...
[INFO]2013-06-22 10:42:45:[SaveFile]saving file done
[INFO]2013-06-22 10:42:45:[StopAndSave]stop recording and saving done
