[INFO]2013-06-22 11:02:32:start watch process
[INFO]2013-06-22 11:02:38:[FindProcess]process:QQ.exe has been found
[INFO]2013-06-22 11:02:38:launch recorder to record
[INFO]2013-06-22 11:02:52:[StopAndSave]stop recording and saving...
[INFO]2013-06-22 11:02:52:[SaveFile]saving file...
[INFO]2013-06-22 11:02:52:[SaveFile]saving file done
[INFO]2013-06-22 11:02:52:[StopAndSave]stop recording and saving done
[INFO]2013-06-22 11:03:34:[FindProcess]process:QQ.exe has been found
[INFO]2013-06-22 11:03:36:[FindProcess]process:QQ.exe has been found
[INFO]2013-06-22 11:03:38:[FindProcess]process:QQ.exe has been found
[INFO]2013-06-22 11:03:40:[FindProcess]process:QQ.exe has been found
[INFO]2013-06-22 11:03:42:[FindProcess]process:QQ.exe has been found
[INFO]2013-06-22 11:06:20:start watch process
[INFO]2013-06-22 11:06:24:[FindProcess]process:QQ.exe has been found
[INFO]2013-06-22 11:06:24:launch recorder to record
[INFO]2013-06-22 11:06:35:[StopAndSave]stop recording and saving...
[INFO]2013-06-22 11:06:35:[SaveFile]saving file...
[INFO]2013-06-22 11:06:35:[SaveFile]saving file done
[INFO]2013-06-22 11:06:35:[StopAndSave]stop recording and saving done
[INFO]2013-06-22 11:35:34:start watch process
[INFO]2013-06-22 11:35:44:[FindProcess]process:QQ.exe has been found
[INFO]2013-06-22 11:35:44:launch recorder to record
[INFO]2013-06-22 11:36:09:[StopAndSave]stop recording and saving...
[INFO]2013-06-22 11:36:09:[SaveFile]saving file...
[INFO]2013-06-22 11:36:09:[SaveFile]saving file done
[INFO]2013-06-22 11:36:09:[StopAndSave]stop recording and saving done
[INFO]2013-06-22 11:45:36:start watch process
[INFO]2013-06-22 11:45:44:[FindProcess]process:QQ.exe has been found
[INFO]2013-06-22 11:45:44:launch recorder to record
[INFO]2013-06-22 11:46:10:[StopAndSave]stop recording and saving...
[INFO]2013-06-22 11:46:11:[SaveFile]saving file...
[INFO]2013-06-22 11:46:11:[SaveFile]saving file done
[INFO]2013-06-22 11:46:11:[StopAndSave]stop recording and saving done
[INFO]2013-06-22 11:47:30:start watch process
[INFO]2013-06-22 11:47:38:[FindProcess]process:QQ.exe has been found
[INFO]2013-06-22 11:47:38:launch recorder to record
[INFO]2013-06-22 11:47:50:[StopAndSave]stop recording and saving...
[INFO]2013-06-22 11:47:50:[SaveFile]saving file...
[INFO]2013-06-22 11:47:50:[SaveFile]saving file done
[INFO]2013-06-22 11:47:50:[StopAndSave]stop recording and saving done
[INFO]2013-06-22 11:47:58:[FindProcess]process:QQ.exe has been found
[INFO]2013-06-22 11:48:00:[FindProcess]process:QQ.exe has been found
[INFO]2013-06-22 11:48:02:[FindProcess]process:QQ.exe has been found
[INFO]2013-06-22 11:48:04:[FindProcess]process:QQ.exe has been found
[INFO]2013-06-22 11:48:06:[FindProcess]process:QQ.exe has been found
[INFO]2013-06-22 11:48:08:[FindProcess]process:QQ.exe has been found
[INFO]2013-06-22 11:48:10:[FindProcess]process:QQ.exe has been found
[INFO]2013-06-22 11:49:26:start watch process
[INFO]2013-06-22 11:49:36:[FindProcess]process:QQ.exe has been found
[INFO]2013-06-22 11:49:36:launch recorder to record
[INFO]2013-06-22 11:49:51:[StopAndSave]stop recording and saving...
[INFO]2013-06-22 11:49:51:[SaveFile]saving file...
[INFO]2013-06-22 11:49:51:[SaveFile]saving file done
[INFO]2013-06-22 11:49:51:[StopAndSave]stop recording and saving done
[INFO]2013-06-22 11:50:57:start watch process
[INFO]2013-06-22 11:51:05:[FindProcess]process:QQ.exe has been found
[INFO]2013-06-22 11:51:05:launch recorder to record
[INFO]2013-06-22 11:51:29:[StopAndSave]stop recording and saving...
[INFO]2013-06-22 11:51:29:[SaveFile]saving file...
[INFO]2013-06-22 11:51:29:[SaveFile]saving file done
[INFO]2013-06-22 11:51:29:[StopAndSave]stop recording and saving done
[INFO]2013-06-22 11:51:39:[FindProcess]process:QQ.exe has been found
[INFO]2013-06-22 11:51:39:launch recorder to record
[INFO]2013-06-22 11:52:23:[StopAndSave]stop recording and saving...
[INFO]2013-06-22 11:52:23:[SaveFile]saving file...
[INFO]2013-06-22 11:52:23:[SaveFile]saving file done
[INFO]2013-06-22 11:52:23:[StopAndSave]stop recording and saving done
[INFO]2013-06-22 11:54:06:start watch process
[INFO]2013-06-22 11:54:22:[FindProcess]process:QQ.exe has been found
[INFO]2013-06-22 11:54:22:launch recorder to record
[INFO]2013-06-22 11:55:31:[StopAndSave]stop recording and saving...
[INFO]2013-06-22 11:55:31:[SaveFile]saving file...
[INFO]2013-06-22 11:55:31:[SaveFile]saving file done
[INFO]2013-06-22 11:55:31:[StopAndSave]stop recording and saving done
[INFO]2013-06-22 11:56:15:[FindProcess]process:QQ.exe has been found
[INFO]2013-06-22 11:56:15:launch recorder to record
[INFO]2013-06-22 11:56:32:[StopAndSave]stop recording and saving...
[INFO]2013-06-22 11:56:32:[SaveFile]saving file...
[INFO]2013-06-22 11:56:32:[SaveFile]saving file done
[INFO]2013-06-22 11:56:32:[StopAndSave]stop recording and saving done
